<?xml version="1.0" encoding="UTF-8"?>
<!-- Generated by org.testng.reporters.JUnitXMLReporter -->
<testsuite hostname="C83160" name="FirefoxTest" tests="3" failures="0" timestamp="25 Jul 2017 21:08:36 GMT" time="24.718" errors="0">
  <testcase name="crossBrowserTest" time="2.37" classname="com.webdriver.test.ChromeTest"/>
  <testcase name="crossBrowserTest" time="1.29" classname="com.webdriver.test.FirefoxTest"/>
  <testcase name="crossBrowserTest" time="1.321" classname="com.webdriver.test.IExplorerTest"/>
</testsuite> <!-- FirefoxTest -->
